WashWashes/app/build/intermediates/manifest_merge_blame_file/debug/manifest-merger-blame-debug-report.txt
1<?xml version="1.0" encoding="utf-8"?>
2<manifest xmlns:android="http://schemas.android.com/apk/res/android"
3    package="com.example.washwash1"
4    android:versionCode="1"
5    android:versionName="1.0" >
6
7    <uses-sdk
8        android:minSdkVersion="29"
8-->src/main/AndroidManifest.xml
9        android:targetSdkVersion="32" />
9-->src/main/AndroidManifest.xml
10
11    <uses-permission android:name="android.permission.ACCESS_NETWORK_STATE" />
11-->[io.realm:realm-android-library-object-server:10.10.1] AndroidManifest.xml:9:5-79
11-->[io.realm:realm-android-library-object-server:10.10.1] AndroidManifest.xml:9:22-76
12    <uses-permission android:name="android.permission.INTERNET" />
12-->[io.realm:realm-android-library-object-server:10.10.1] AndroidManifest.xml:10:5-67
12-->[io.realm:realm-android-library-object-server:10.10.1] AndroidManifest.xml:10:22-64
13
14    <application
14-->src/main/AndroidManifest.xml:5:5-29:19
15        android:allowBackup="true"
15-->src/main/AndroidManifest.xml:6:9-35
16        android:appComponentFactory="androidx.core.app.CoreComponentFactory"
16-->[androidx.core:core:1.7.0] AndroidManifest.xml:24:18-86
17        android:debuggable="true"
18        android:extractNativeLibs="false"
19        android:icon="@mipmap/ic_launcher"
19-->src/main/AndroidManifest.xml:7:9-43
20        android:label="@string/app_name"
20-->src/main/AndroidManifest.xml:8:9-41
21        android:roundIcon="@mipmap/ic_launcher_round"
21-->src/main/AndroidManifest.xml:9:9-54
22        android:supportsRtl="true"
22-->src/main/AndroidManifest.xml:10:9-35
23        android:theme="@style/Theme.WashWash1" >
23-->src/main/AndroidManifest.xml:11:9-47
24        <activity
24-->src/main/AndroidManifest.xml:12:9-20:20
25            android:name="com.example.washwash1.MainActivity"
25-->src/main/AndroidManifest.xml:13:13-41
26            android:exported="true" >
26-->src/main/AndroidManifest.xml:14:13-36
27            <intent-filter>
27-->src/main/AndroidManifest.xml:15:13-19:29
28                <action android:name="android.intent.action.MAIN" />
28-->src/main/AndroidManifest.xml:16:17-69
28-->src/main/AndroidManifest.xml:16:25-66
29
30                <category android:name="android.intent.category.LAUNCHER" />
30-->src/main/AndroidManifest.xml:18:17-77
30-->src/main/AndroidManifest.xml:18:27-74
31            </intent-filter>
32        </activity>
33        <activity
33-->src/main/AndroidManifest.xml:21:9-24:46
34            android:name="com.example.washwash1.Washer"
34-->src/main/AndroidManifest.xml:22:13-35
35            android:label="@string/washer"
35-->src/main/AndroidManifest.xml:24:13-43
36            android:parentActivityName="com.example.washwash1.MainActivity" />
36-->src/main/AndroidManifest.xml:23:13-55
37        <activity
37-->src/main/AndroidManifest.xml:25:9-28:54
38            android:name="com.example.washwash1.Dryer"
38-->src/main/AndroidManifest.xml:26:13-34
39            android:label="@string/dryer"
39-->src/main/AndroidManifest.xml:28:13-42
40            android:parentActivityName="com.example.washwash1.MainActivity" />
40-->src/main/AndroidManifest.xml:27:13-55
41
42        <provider
42-->[androidx.emoji2:emoji2:1.0.0] AndroidManifest.xml:26:9-34:20
43            android:name="androidx.startup.InitializationProvider"
43-->[androidx.emoji2:emoji2:1.0.0] AndroidManifest.xml:27:13-67
44            android:authorities="com.example.washwash1.androidx-startup"
44-->[androidx.emoji2:emoji2:1.0.0] AndroidManifest.xml:28:13-68
45            android:exported="false" >
45-->[androidx.emoji2:emoji2:1.0.0] AndroidManifest.xml:29:13-37
46            <meta-data
46-->[androidx.emoji2:emoji2:1.0.0] AndroidManifest.xml:31:13-33:52
47                android:name="androidx.emoji2.text.EmojiCompatInitializer"
47-->[androidx.emoji2:emoji2:1.0.0] AndroidManifest.xml:32:17-75
48                android:value="androidx.startup" />
48-->[androidx.emoji2:emoji2:1.0.0] AndroidManifest.xml:33:17-49
49            <meta-data
49-->[androidx.lifecycle:lifecycle-process:2.4.0] AndroidManifest.xml:31:13-33:52
50                android:name="androidx.lifecycle.ProcessLifecycleInitializer"
50-->[androidx.lifecycle:lifecycle-process:2.4.0] AndroidManifest.xml:32:17-78
51                android:value="androidx.startup" />
51-->[androidx.lifecycle:lifecycle-process:2.4.0] AndroidManifest.xml:33:17-49
52        </provider>
53    </application>
54
55</manifest>